{"name": "test_get_current_user", "status": "failed", "statusDetails": {"message": "Failed: User ID missing in response\nassert 'user_id' in {'email': 'user8@example.com', 'first_name': 'John', 'last_name': 'Doe', 'phone_number': '+1234567890', 'date_of_birth': '1990-01-01T00:00:00Z', 'street_address': '123 Main St', 'city': 'New York', 'state': 'NY', 'zip_code': '10001', 'country': 'USA', 'id': '33b84d58-cd67-4acd-84da-197305337c05', 'is_active': True, 'created_at': '2025-08-05T09:33:53.025105Z', 'updated_at': '2025-08-05T09:34:21.619239Z', 'roles': []}", "trace": "self = <test_management_user.TestManagementUserAuth object at 0x000002BA1722B1C0>\napi = <utils.api_helper1.ManagementUserAPIHandler object at 0x000002BA17298400>\nauth_tokens = {'access_token': 'eyJhbGciOiJIUzI1NiIsInR5cCI6IkpXVCJ9.eyJzdWIiOiJ1c2VyOEBleGFtcGxlLmNvbSIsImlkIjoiMzNiODRkNTgtY2Q2Ny0...5jb20iLCJhdWQiOiJodHRwczovL3lvdXJhcHAuY29tL2FwaSIsInR5cGUiOiJyZWZyZXNoIn0.Nc-jpYe5-FDJ6WY7f6z8RFyiuwv3euDM39gUKu348OU'}\n\n    def test_get_current_user(self, api, auth_tokens):\n        \"\"\"Test retrieving the current user's details and get user_id from access token.\"\"\"\n        try:\n            token = auth_tokens[\"access_token\"]\n            response = api.get_current_user(token=token)\n            assert \"data\" in response\n            user_data = response[\"data\"]\n>           assert \"user_id\" in user_data, \"User ID missing in response\"\nE           AssertionError: User ID missing in response\nE           assert 'user_id' in {'email': 'user8@example.com', 'first_name': 'John', 'last_name': 'Doe', 'phone_number': '+1234567890', 'date_of_birth': '1990-01-01T00:00:00Z', 'street_address': '123 Main St', 'city': 'New York', 'state': 'NY', 'zip_code': '10001', 'country': 'USA', 'id': '33b84d58-cd67-4acd-84da-197305337c05', 'is_active': True, 'created_at': '2025-08-05T09:33:53.025105Z', 'updated_at': '2025-08-05T09:34:21.619239Z', 'roles': []}\n\ntest_management_user.py:158: AssertionError\n\nDuring handling of the above exception, another exception occurred:\n\nself = <test_management_user.TestManagementUserAuth object at 0x000002BA1722B1C0>\napi = <utils.api_helper1.ManagementUserAPIHandler object at 0x000002BA17298400>\nauth_tokens = {'access_token': 'eyJhbGciOiJIUzI1NiIsInR5cCI6IkpXVCJ9.eyJzdWIiOiJ1c2VyOEBleGFtcGxlLmNvbSIsImlkIjoiMzNiODRkNTgtY2Q2Ny0...5jb20iLCJhdWQiOiJodHRwczovL3lvdXJhcHAuY29tL2FwaSIsInR5cGUiOiJyZWZyZXNoIn0.Nc-jpYe5-FDJ6WY7f6z8RFyiuwv3euDM39gUKu348OU'}\n\n    def test_get_current_user(self, api, auth_tokens):\n        \"\"\"Test retrieving the current user's details and get user_id from access token.\"\"\"\n        try:\n            token = auth_tokens[\"access_token\"]\n            response = api.get_current_user(token=token)\n            assert \"data\" in response\n            user_data = response[\"data\"]\n            assert \"user_id\" in user_data, \"User ID missing in response\"\n    \n            user_id = user_data[\"user_id\"]\n            print(f\"User ID: {user_id}\")  # or store it if needed\n    \n            # Optionally store in shared_data if you want to reuse in other tests\n            shared_data.user_id = user_id\n    \n        except Exception as e:\n            log.error(f\"Get current user test failed: {e}\")\n>           pytest.fail(str(e))\nE           Failed: User ID missing in response\nE           assert 'user_id' in {'email': 'user8@example.com', 'first_name': 'John', 'last_name': 'Doe', 'phone_number': '+1234567890', 'date_of_birth': '1990-01-01T00:00:00Z', 'street_address': '123 Main St', 'city': 'New York', 'state': 'NY', 'zip_code': '10001', 'country': 'USA', 'id': '33b84d58-cd67-4acd-84da-197305337c05', 'is_active': True, 'created_at': '2025-08-05T09:33:53.025105Z', 'updated_at': '2025-08-05T09:34:21.619239Z', 'roles': []}\n\ntest_management_user.py:168: Failed"}, "description": "Test retrieving the current user's details and get user_id from access token.", "attachments": [{"name": "log", "source": "c3d4d9be-24f7-418a-86b9-a1ac60be2fe7-attachment.txt", "type": "text/plain"}], "start": 1754387706579, "stop": 1754387706681, "uuid": "f08804db-ef92-444f-a9ef-5d162ef5f9e2", "historyId": "8e4d08a344decc628ede95927bc768fe", "testCaseId": "8e4d08a344decc628ede95927bc768fe", "fullName": "tests.test_management_user.TestManagementUserAuth#test_get_current_user", "labels": [{"name": "parentSuite", "value": "tests"}, {"name": "suite", "value": "test_management_user"}, {"name": "subSuite", "value": "TestManagementUserAuth"}, {"name": "host", "value": "mirrajo"}, {"name": "thread", "value": "4984-MainThread"}, {"name": "framework", "value": "pytest"}, {"name": "language", "value": "cpython3"}, {"name": "package", "value": "tests.test_management_user"}], "titlePath": ["tests", "test_management_user.py", "TestManagementUserAuth"]}