{"name": "test_get_current_user", "status": "failed", "statusDetails": {"message": "AssertionError: unexpectedly None", "trace": "self = <management_user.TestManagementUserAuth testMethod=test_get_current_user>\n\n    def test_get_current_user(self):\n>       self.assertIsNotNone(self.access_token)\nE       AssertionError: unexpectedly None\n\nmanagement_user.py:92: AssertionError"}, "start": 1754043630948, "stop": 1754043630948, "uuid": "3d2f2162-87ae-47c2-b198-e001cc4391c5", "historyId": "2dd4d846974a139b8a4b2fea14aaee87", "testCaseId": "2dd4d846974a139b8a4b2fea14aaee87", "fullName": "tests.management_user.TestManagementUserAuth#test_get_current_user", "labels": [{"name": "parentSuite", "value": "tests"}, {"name": "suite", "value": "management_user"}, {"name": "subSuite", "value": "TestManagementUserAuth"}, {"name": "host", "value": "mirrajo"}, {"name": "thread", "value": "8388-MainThread"}, {"name": "framework", "value": "pytest"}, {"name": "language", "value": "cpython3"}, {"name": "package", "value": "tests.management_user"}], "titlePath": ["tests", "management_user.py", "TestManagementUserAuth"]}